# JRE version: OpenJDK Runtime Environment Temurin-21.0.8+9 (21.0.8+9) (build 21.0.8+9-LTS)
# Java VM: OpenJDK 64-Bit Server VM Temurin-21.0.8+9 (21.0.8+9-LTS, mixed mode, sharing, tiered, compressed oops, compressed class ptrs, parallel gc, windows-amd64)
GC Precious Log:
 CardTable entry size: 512
 CPUs: 8 total, 8 available
 Memory: 16262M
 Large Page Support: Disabled
 NUMA Support: Disabled
 Compressed Oops: Enabled (32-bit)
 Alignments: Space 512K, Generation 512K, Heap 2M
 Heap Min Capacity: 100M
 Heap Initial Capacity: 100M
 Heap Max Capacity: 2G
 Pre-touch: Disabled
 Parallel Workers: 8
Heap:
 PSYoungGen      total 4608K, used 3015K [0x00000000d5580000, 0x00000000d5b00000, 0x0000000100000000)
  eden space 4096K, 68% used [0x00000000d5580000,0x00000000d5841e08,0x00000000d5980000)
  from space 512K, 37% used [0x00000000d5a80000,0x00000000d5ab0000,0x00000000d5b00000)
  to   space 512K, 0% used [0x00000000d5980000,0x00000000d5980000,0x00000000d5a00000)
 ParOldGen       total 591872K, used 591855K [0x0000000080000000, 0x00000000a4200000, 0x00000000d5580000)
  object space 591872K, 99% used [0x0000000080000000,0x00000000a41fbe70,0x00000000a4200000)
 Metaspace       used 70250K, committed 71808K, reserved 1114112K
  class space    used 7221K, committed 7872K, reserved 1048576K
GC Heap History (20 events):
Event: 29.289 GC heap before
{Heap before GC invocations=498 (full 3):
 PSYoungGen      total 3584K, used 3392K [0x00000000d5580000, 0x00000000d5a00000, 0x0000000100000000)
  eden space 2560K, 100% used [0x00000000d5580000,0x00000000d5800000,0x00000000d5800000)
  from space 1024K, 81% used [0x00000000d5900000,0x00000000d59d0020,0x00000000d5a00000)
  to   space 1024K, 0% used [0x00000000d5800000,0x00000000d5800000,0x00000000d5900000)
 ParOldGen       total 587776K, used 587462K [0x0000000080000000, 0x00000000a3e00000, 0x00000000d5580000)
  object space 587776K, 99% used [0x0000000080000000,0x00000000a3db1a60,0x00000000a3e00000)
 Metaspace       used 69730K, committed 71232K, reserved 1114112K
  class space    used 7184K, committed 7872K, reserved 1048576K
}
Event: 29.293 GC heap after
{Heap after GC invocations=498 (full 3):
 PSYoungGen      total 3584K, used 992K [0x00000000d5580000, 0x00000000d5c80000, 0x0000000100000000)
  eden space 2560K, 0% used [0x00000000d5580000,0x00000000d5580000,0x00000000d5800000)
  from space 1024K, 96% used [0x00000000d5800000,0x00000000d58f8010,0x00000000d5900000)
  to   space 2048K, 0% used [0x00000000d5a80000,0x00000000d5a80000,0x00000000d5c80000)
 ParOldGen       total 588288K, used 588254K [0x0000000080000000, 0x00000000a3e80000, 0x00000000d5580000)
  object space 588288K, 99% used [0x0000000080000000,0x00000000a3e77a90,0x00000000a3e80000)
 Metaspace       used 69730K, committed 71232K, reserved 1114112K
  class space    used 7184K, committed 7872K, reserved 1048576K
}
Event: 29.309 GC heap before
{Heap before GC invocations=499 (full 3):
 PSYoungGen      total 3584K, used 3552K [0x00000000d5580000, 0x00000000d5c80000, 0x0000000100000000)
  eden space 2560K, 100% used [0x00000000d5580000,0x00000000d5800000,0x00000000d5800000)
  from space 1024K, 96% used [0x00000000d5800000,0x00000000d58f8010,0x00000000d5900000)
  to   space 2048K, 0% used [0x00000000d5a80000,0x00000000d5a80000,0x00000000d5c80000)
 ParOldGen       total 588288K, used 588254K [0x0000000080000000, 0x00000000a3e80000, 0x00000000d5580000)
  object space 588288K, 99% used [0x0000000080000000,0x00000000a3e77a90,0x00000000a3e80000)
 Metaspace       used 69730K, committed 71232K, reserved 1114112K
  class space    used 7184K, committed 7872K, reserved 1048576K
}
Event: 29.315 GC heap after
{Heap after GC invocations=499 (full 3):
 PSYoungGen      total 4096K, used 896K [0x00000000d5580000, 0x00000000d5b80000, 0x0000000100000000)
  eden space 3072K, 0% used [0x00000000d5580000,0x00000000d5580000,0x00000000d5880000)
  from space 1024K, 87% used [0x00000000d5a80000,0x00000000d5b60020,0x00000000d5b80000)
  to   space 1536K, 0% used [0x00000000d5880000,0x00000000d5880000,0x00000000d5a00000)
 ParOldGen       total 589312K, used 589134K [0x0000000080000000, 0x00000000a3f80000, 0x00000000d5580000)
  object space 589312K, 99% used [0x0000000080000000,0x00000000a3f53a90,0x00000000a3f80000)
 Metaspace       used 69730K, committed 71232K, reserved 1114112K
  class space    used 7184K, committed 7872K, reserved 1048576K
}
Event: 29.357 GC heap before
{Heap before GC invocations=500 (full 3):
 PSYoungGen      total 4096K, used 3968K [0x00000000d5580000, 0x00000000d5b80000, 0x0000000100000000)
  eden space 3072K, 100% used [0x00000000d5580000,0x00000000d5880000,0x00000000d5880000)
  from space 1024K, 87% used [0x00000000d5a80000,0x00000000d5b60020,0x00000000d5b80000)
  to   space 1536K, 0% used [0x00000000d5880000,0x00000000d5880000,0x00000000d5a00000)
 ParOldGen       total 589312K, used 589134K [0x0000000080000000, 0x00000000a3f80000, 0x00000000d5580000)
  object space 589312K, 99% used [0x0000000080000000,0x00000000a3f53a90,0x00000000a3f80000)
 Metaspace       used 69753K, committed 71296K, reserved 1114112K
  class space    used 7184K, committed 7872K, reserved 1048576K
}
Event: 29.363 GC heap after
{Heap after GC invocations=500 (full 3):
 PSYoungGen      total 4608K, used 1200K [0x00000000d5580000, 0x00000000d5c80000, 0x0000000100000000)
  eden space 3072K, 0% used [0x00000000d5580000,0x00000000d5580000,0x00000000d5880000)
  from space 1536K, 78% used [0x00000000d5880000,0x00000000d59ac050,0x00000000d5a00000)
  to   space 1536K, 0% used [0x00000000d5b00000,0x00000000d5b00000,0x00000000d5c80000)
 ParOldGen       total 590336K, used 589894K [0x0000000080000000, 0x00000000a4080000, 0x00000000d5580000)
  object space 590336K, 99% used [0x0000000080000000,0x00000000a4011ab0,0x00000000a4080000)
 Metaspace       used 69753K, committed 71296K, reserved 1114112K
  class space    used 7184K, committed 7872K, reserved 1048576K
}
Event: 29.451 GC heap before
{Heap before GC invocations=501 (full 3):
 PSYoungGen      total 4608K, used 4272K [0x00000000d5580000, 0x00000000d5c80000, 0x0000000100000000)
  eden space 3072K, 100% used [0x00000000d5580000,0x00000000d5880000,0x00000000d5880000)
  from space 1536K, 78% used [0x00000000d5880000,0x00000000d59ac050,0x00000000d5a00000)
  to   space 1536K, 0% used [0x00000000d5b00000,0x00000000d5b00000,0x00000000d5c80000)
 ParOldGen       total 590336K, used 589894K [0x0000000080000000, 0x00000000a4080000, 0x00000000d5580000)
  object space 590336K, 99% used [0x0000000080000000,0x00000000a4011ab0,0x00000000a4080000)
 Metaspace       used 69802K, committed 71360K, reserved 1114112K
  class space    used 7190K, committed 7872K, reserved 1048576K
}
Event: 29.457 GC heap after
{Heap after GC invocations=501 (full 3):
 PSYoungGen      total 5632K, used 1181K [0x00000000d5580000, 0x00000000d5c80000, 0x0000000100000000)
  eden space 4096K, 0% used [0x00000000d5580000,0x00000000d5580000,0x00000000d5980000)
  from space 1536K, 76% used [0x00000000d5b00000,0x00000000d5c277e0,0x00000000d5c80000)
  to   space 1536K, 0% used [0x00000000d5980000,0x00000000d5980000,0x00000000d5b00000)
 ParOldGen       total 591360K, used 590990K [0x0000000080000000, 0x00000000a4180000, 0x00000000d5580000)
  object space 591360K, 99% used [0x0000000080000000,0x00000000a4123b10,0x00000000a4180000)
 Metaspace       used 69802K, committed 71360K, reserved 1114112K
  class space    used 7190K, committed 7872K, reserved 1048576K
}
Event: 31.325 GC heap before
{Heap before GC invocations=502 (full 3):
 PSYoungGen      total 5632K, used 5277K [0x00000000d5580000, 0x00000000d5c80000, 0x0000000100000000)
  eden space 4096K, 100% used [0x00000000d5580000,0x00000000d5980000,0x00000000d5980000)
  from space 1536K, 76% used [0x00000000d5b00000,0x00000000d5c277e0,0x00000000d5c80000)
  to   space 1536K, 0% used [0x00000000d5980000,0x00000000d5980000,0x00000000d5b00000)
 ParOldGen       total 591360K, used 590990K [0x0000000080000000, 0x00000000a4180000, 0x00000000d5580000)
  object space 591360K, 99% used [0x0000000080000000,0x00000000a4123b10,0x00000000a4180000)
 Metaspace       used 69843K, committed 71360K, reserved 1114112K
  class space    used 7191K, committed 7872K, reserved 1048576K
}
Event: 31.328 GC heap after
{Heap after GC invocations=502 (full 3):
 PSYoungGen      total 4608K, used 416K [0x00000000d5580000, 0x00000000d5b80000, 0x0000000100000000)
  eden space 4096K, 0% used [0x00000000d5580000,0x00000000d5580000,0x00000000d5980000)
  from space 512K, 81% used [0x00000000d5980000,0x00000000d59e8000,0x00000000d5a00000)
  to   space 1024K, 0% used [0x00000000d5a80000,0x00000000d5a80000,0x00000000d5b80000)
 ParOldGen       total 591872K, used 591399K [0x0000000080000000, 0x00000000a4200000, 0x00000000d5580000)
  object space 591872K, 99% used [0x0000000080000000,0x00000000a4189e70,0x00000000a4200000)
 Metaspace       used 69843K, committed 71360K, reserved 1114112K
  class space    used 7191K, committed 7872K, reserved 1048576K
}
Event: 306.543 GC heap before
{Heap before GC invocations=503 (full 3):
 PSYoungGen      total 4608K, used 4511K [0x00000000d5580000, 0x00000000d5b80000, 0x0000000100000000)
  eden space 4096K, 99% used [0x00000000d5580000,0x00000000d597fff0,0x00000000d5980000)
  from space 512K, 81% used [0x00000000d5980000,0x00000000d59e8000,0x00000000d5a00000)
  to   space 1024K, 0% used [0x00000000d5a80000,0x00000000d5a80000,0x00000000d5b80000)
 ParOldGen       total 591872K, used 591399K [0x0000000080000000, 0x00000000a4200000, 0x00000000d5580000)
  object space 591872K, 99% used [0x0000000080000000,0x00000000a4189e70,0x00000000a4200000)
 Metaspace       used 70062K, committed 71616K, reserved 1114112K
  class space    used 7212K, committed 7872K, reserved 1048576K
}
Event: 306.547 GC heap after
{Heap after GC invocations=503 (full 3):
 PSYoungGen      total 4608K, used 288K [0x00000000d5580000, 0x00000000d5b00000, 0x0000000100000000)
  eden space 4096K, 0% used [0x00000000d5580000,0x00000000d5580000,0x00000000d5980000)
  from space 512K, 56% used [0x00000000d5a80000,0x00000000d5ac8000,0x00000000d5b00000)
  to   space 512K, 0% used [0x00000000d5980000,0x00000000d5980000,0x00000000d5a00000)
 ParOldGen       total 591872K, used 591511K [0x0000000080000000, 0x00000000a4200000, 0x00000000d5580000)
  object space 591872K, 99% used [0x0000000080000000,0x00000000a41a5e70,0x00000000a4200000)
 Metaspace       used 70062K, committed 71616K, reserved 1114112K
  class space    used 7212K, committed 7872K, reserved 1048576K
}
Event: 25504.159 GC heap before
{Heap before GC invocations=504 (full 3):
 PSYoungGen      total 4608K, used 4384K [0x00000000d5580000, 0x00000000d5b00000, 0x0000000100000000)
  eden space 4096K, 100% used [0x00000000d5580000,0x00000000d5980000,0x00000000d5980000)
  from space 512K, 56% used [0x00000000d5a80000,0x00000000d5ac8000,0x00000000d5b00000)
  to   space 512K, 0% used [0x00000000d5980000,0x00000000d5980000,0x00000000d5a00000)
 ParOldGen       total 591872K, used 591511K [0x0000000080000000, 0x00000000a4200000, 0x00000000d5580000)
  object space 591872K, 99% used [0x0000000080000000,0x00000000a41a5e70,0x00000000a4200000)
 Metaspace       used 70149K, committed 71680K, reserved 1114112K
  class space    used 7213K, committed 7872K, reserved 1048576K
}
Event: 25504.273 GC heap after
{Heap after GC invocations=504 (full 3):
 PSYoungGen      total 4608K, used 288K [0x00000000d5580000, 0x00000000d5b00000, 0x0000000100000000)
  eden space 4096K, 0% used [0x00000000d5580000,0x00000000d5580000,0x00000000d5980000)
  from space 512K, 56% used [0x00000000d5980000,0x00000000d59c8000,0x00000000d5a00000)
  to   space 512K, 0% used [0x00000000d5a80000,0x00000000d5a80000,0x00000000d5b00000)
 ParOldGen       total 591872K, used 591727K [0x0000000080000000, 0x00000000a4200000, 0x00000000d5580000)
  object space 591872K, 99% used [0x0000000080000000,0x00000000a41dbe70,0x00000000a4200000)
 Metaspace       used 70149K, committed 71680K, reserved 1114112K
  class space    used 7213K, committed 7872K, reserved 1048576K
}
Event: 63847.912 GC heap before
{Heap before GC invocations=505 (full 3):
 PSYoungGen      total 4608K, used 4384K [0x00000000d5580000, 0x00000000d5b00000, 0x0000000100000000)
  eden space 4096K, 100% used [0x00000000d5580000,0x00000000d5980000,0x00000000d5980000)
  from space 512K, 56% used [0x00000000d5980000,0x00000000d59c8000,0x00000000d5a00000)
  to   space 512K, 0% used [0x00000000d5a80000,0x00000000d5a80000,0x00000000d5b00000)
 ParOldGen       total 591872K, used 591727K [0x0000000080000000, 0x00000000a4200000, 0x00000000d5580000)
  object space 591872K, 99% used [0x0000000080000000,0x00000000a41dbe70,0x00000000a4200000)
 Metaspace       used 70153K, committed 71680K, reserved 1114112K
  class space    used 7213K, committed 7872K, reserved 1048576K
}
Event: 63847.993 GC heap after
{Heap after GC invocations=505 (full 3):
 PSYoungGen      total 4608K, used 224K [0x00000000d5580000, 0x00000000d5b00000, 0x0000000100000000)
  eden space 4096K, 0% used [0x00000000d5580000,0x00000000d5580000,0x00000000d5980000)
  from space 512K, 43% used [0x00000000d5a80000,0x00000000d5ab8000,0x00000000d5b00000)
  to   space 512K, 0% used [0x00000000d5980000,0x00000000d5980000,0x00000000d5a00000)
 ParOldGen       total 591872K, used 591759K [0x0000000080000000, 0x00000000a4200000, 0x00000000d5580000)
  object space 591872K, 99% used [0x0000000080000000,0x00000000a41e3e70,0x00000000a4200000)
 Metaspace       used 70153K, committed 71680K, reserved 1114112K
  class space    used 7213K, committed 7872K, reserved 1048576K
}
Event: 88149.059 GC heap before
{Heap before GC invocations=506 (full 3):
 PSYoungGen      total 4608K, used 4320K [0x00000000d5580000, 0x00000000d5b00000, 0x0000000100000000)
  eden space 4096K, 100% used [0x00000000d5580000,0x00000000d5980000,0x00000000d5980000)
  from space 512K, 43% used [0x00000000d5a80000,0x00000000d5ab8000,0x00000000d5b00000)
  to   space 512K, 0% used [0x00000000d5980000,0x00000000d5980000,0x00000000d5a00000)
 ParOldGen       total 591872K, used 591759K [0x0000000080000000, 0x00000000a4200000, 0x00000000d5580000)
  object space 591872K, 99% used [0x0000000080000000,0x00000000a41e3e70,0x00000000a4200000)
 Metaspace       used 70247K, committed 71808K, reserved 1114112K
  class space    used 7221K, committed 7872K, reserved 1048576K
}
Event: 88149.156 GC heap after
{Heap after GC invocations=506 (full 3):
 PSYoungGen      total 4608K, used 256K [0x00000000d5580000, 0x00000000d5b00000, 0x0000000100000000)
  eden space 4096K, 0% used [0x00000000d5580000,0x00000000d5580000,0x00000000d5980000)
  from space 512K, 50% used [0x00000000d5980000,0x00000000d59c0000,0x00000000d5a00000)
  to   space 512K, 0% used [0x00000000d5a80000,0x00000000d5a80000,0x00000000d5b00000)
 ParOldGen       total 591872K, used 591799K [0x0000000080000000, 0x00000000a4200000, 0x00000000d5580000)
  object space 591872K, 99% used [0x0000000080000000,0x00000000a41ede70,0x00000000a4200000)
 Metaspace       used 70247K, committed 71808K, reserved 1114112K
  class space    used 7221K, committed 7872K, reserved 1048576K
}
Event: 127690.028 GC heap before
{Heap before GC invocations=507 (full 3):
 PSYoungGen      total 4608K, used 4352K [0x00000000d5580000, 0x00000000d5b00000, 0x0000000100000000)
  eden space 4096K, 100% used [0x00000000d5580000,0x00000000d5980000,0x00000000d5980000)
  from space 512K, 50% used [0x00000000d5980000,0x00000000d59c0000,0x00000000d5a00000)
  to   space 512K, 0% used [0x00000000d5a80000,0x00000000d5a80000,0x00000000d5b00000)
 ParOldGen       total 591872K, used 591799K [0x0000000080000000, 0x00000000a4200000, 0x00000000d5580000)
  object space 591872K, 99% used [0x0000000080000000,0x00000000a41ede70,0x00000000a4200000)
 Metaspace       used 70250K, committed 71808K, reserved 1114112K
  class space    used 7221K, committed 7872K, reserved 1048576K
}
Event: 127690.117 GC heap after
{Heap after GC invocations=507 (full 3):
 PSYoungGen      total 4608K, used 192K [0x00000000d5580000, 0x00000000d5b00000, 0x0000000100000000)
  eden space 4096K, 0% used [0x00000000d5580000,0x00000000d5580000,0x00000000d5980000)
  from space 512K, 37% used [0x00000000d5a80000,0x00000000d5ab0000,0x00000000d5b00000)
  to   space 512K, 0% used [0x00000000d5980000,0x00000000d5980000,0x00000000d5a00000)
 ParOldGen       total 591872K, used 591855K [0x0000000080000000, 0x00000000a4200000, 0x00000000d5580000)
  object space 591872K, 99% used [0x0000000080000000,0x00000000a41fbe70,0x00000000a4200000)
 Metaspace       used 70250K, committed 71808K, reserved 1114112K
  class space    used 7221K, committed 7872K, reserved 1048576K
}

